<?xml version="1.0" encoding="UTF-8"?>
<!-- Generated by org.testng.reporters.JUnitReportReporter -->
<testsuite hostname="HBL-AMAR" failures="0" tests="1" name="Appium_java.Appium.AppTest" time="0.006" errors="0" timestamp="2023-06-18T18:18:33 IST" skipped="0">
  <testcase classname="Appium_java.Appium.AppTest" name="appiumBasicTest" time="0.006"/>
  <system-out/>
</testsuite> <!-- Appium_java.Appium.AppTest -->
