<?xml version="1.0" encoding="UTF-8"?>
<!-- Generated by org.testng.reporters.JUnitReportReporter -->
<testsuite hostname="HBL-AMAR" failures="0" tests="1" name="GeneralHybridApp.handlingWebPageInHybridApp" time="58.700" errors="0" timestamp="2023-07-06T06:41:22 IST" skipped="0">
  <testcase classname="GeneralHybridApp.handlingWebPageInHybridApp" name="generalWebpageHandling" time="58.700"/>
  <system-out/>
</testsuite> <!-- GeneralHybridApp.handlingWebPageInHybridApp -->
