<?xml version="1.0" encoding="UTF-8"?>
<!-- Generated by org.testng.reporters.JUnitReportReporter -->
<testsuite hostname="HBL-AMAR" failures="0" tests="1" name="Basics.MiscellanousActivitiesUsingAppium" time="45.384" errors="0" timestamp="2023-06-29T16:12:02 IST" skipped="0">
  <testcase classname="Basics.MiscellanousActivitiesUsingAppium" name="appiumBasicTest" time="45.384"/>
  <system-out/>
</testsuite> <!-- Basics.MiscellanousActivitiesUsingAppium -->
