<?xml version="1.0" encoding="UTF-8"?>
<!-- Generated by org.testng.reporters.JUnitReportReporter -->
<testsuite hostname="HBL-AMAR" failures="0" tests="1" name="Basics.GestureScrollDownGesture" time="30.057" errors="0" timestamp="2023-06-28T21:22:27 IST" skipped="0">
  <testcase classname="Basics.GestureScrollDownGesture" name="gestures" time="30.057"/>
  <system-out/>
</testsuite> <!-- Basics.GestureScrollDownGesture -->
