<?xml version="1.0" encoding="UTF-8"?>
<!-- Generated by org.testng.reporters.JUnitReportReporter -->
<testsuite hostname="HBL-AMAR" failures="0" tests="1" name="Basics.GesturesSwipeGesture" time="32.235" errors="0" timestamp="2023-06-28T22:08:55 IST" skipped="0">
  <testcase classname="Basics.GesturesSwipeGesture" name="gestures" time="32.235"/>
  <system-out/>
</testsuite> <!-- Basics.GesturesSwipeGesture -->
