<?xml version="1.0" encoding="UTF-8"?>
<!-- Generated by org.testng.reporters.JUnitReportReporter -->
<testsuite hostname="HBL-AMAR" failures="0" tests="1" name="GeneralHybridApp.toastErrorMessage" time="31.179" errors="0" timestamp="2023-07-01T09:17:01 IST" skipped="0">
  <testcase classname="GeneralHybridApp.toastErrorMessage" name="VerifyToastErrorMessageForEnterName" time="31.179"/>
  <system-out/>
</testsuite> <!-- GeneralHybridApp.toastErrorMessage -->
