<?xml version="1.0" encoding="UTF-8"?>
<!-- Generated by org.testng.reporters.JUnitReportReporter -->
<testsuite hostname="HBL-AMAR" failures="0" tests="1" name="GeneralHybridApp.VerifyTotalPriceInCard" time="39.416" errors="0" timestamp="2023-07-04T12:37:24 IST" skipped="0">
  <testcase classname="GeneralHybridApp.VerifyTotalPriceInCard" name="VerifyProductPrice" time="39.416"/>
  <system-out/>
</testsuite> <!-- GeneralHybridApp.VerifyTotalPriceInCard -->
