<?xml version="1.0" encoding="UTF-8"?>
<!-- Generated by org.testng.reporters.JUnitReportReporter -->
<testsuite hostname="HBL-AMAR" failures="0" tests="1" name="app.FunctionalityTestCases.VerifyProductPriceSum_PurchasePrice" time="15.635" errors="0" timestamp="2023-07-10T13:38:34 IST" skipped="0">
  <testcase classname="app.FunctionalityTestCases.VerifyProductPriceSum_PurchasePrice" name="compareProductPrices" time="15.635"/>
  <system-out/>
</testsuite> <!-- app.FunctionalityTestCases.VerifyProductPriceSum_PurchasePrice -->
