<?xml version="1.0" encoding="UTF-8"?>
<!-- Generated by org.testng.reporters.JUnitReportReporter -->
<testsuite hostname="HBL-AMAR" failures="0" tests="1" name="AndroidBrowserHandling.OpenChromeInAndroid" time="68.587" errors="0" timestamp="2023-07-06T08:08:47 IST" skipped="0">
  <testcase classname="AndroidBrowserHandling.OpenChromeInAndroid" name="openChrome" time="68.587"/>
  <system-out/>
</testsuite> <!-- AndroidBrowserHandling.OpenChromeInAndroid -->
