<?xml version="1.0" encoding="UTF-8"?>
<!-- Generated by org.testng.reporters.JUnitReportReporter -->
<testsuite hostname="HBL-AMAR" failures="0" tests="1" name="GeneralHybridApp.VerifyAddProductCard" time="46.599" errors="0" timestamp="2023-07-01T16:20:36 IST" skipped="0">
  <testcase classname="GeneralHybridApp.VerifyAddProductCard" name="fillForm" time="46.599"/>
  <system-out/>
</testsuite> <!-- GeneralHybridApp.VerifyAddProductCard -->
