<?xml version="1.0" encoding="UTF-8"?>
<!-- Generated by org.testng.reporters.JUnitReportReporter -->
<testsuite hostname="HBL-AMAR" failures="0" tests="1" name="GeneralHybridApp.verify_Fill_Form_Of_App" time="27.707" errors="0" timestamp="2023-07-01T08:54:11 IST" skipped="0">
  <testcase classname="GeneralHybridApp.verify_Fill_Form_Of_App" name="fillForm" time="27.707"/>
  <system-out/>
</testsuite> <!-- GeneralHybridApp.verify_Fill_Form_Of_App -->
