<?xml version="1.0" encoding="UTF-8"?>
<!-- Generated by org.testng.reporters.JUnitReportReporter -->
<testsuite hostname="HBL-AMAR" failures="0" tests="1" name="Basics.GesturesOfMobileAPP" time="34.205" errors="0" timestamp="2023-06-27T10:13:13 IST" skipped="0">
  <testcase classname="Basics.GesturesOfMobileAPP" name="gestures" time="34.205"/>
  <system-out/>
</testsuite> <!-- Basics.GesturesOfMobileAPP -->
