<?xml version="1.0" encoding="UTF-8"?>
<!-- Generated by org.testng.reporters.JUnitReportReporter -->
<testsuite hostname="HBL-AMAR" failures="0" tests="1" name="AppTest.Verify_perferancelclickBtn" time="2.292" errors="0" timestamp="2023-06-24T14:16:59 IST" skipped="0">
  <testcase classname="AppTest.Verify_perferancelclickBtn" name="clickonPreference" time="2.292"/>
  <system-out/>
</testsuite> <!-- AppTest.Verify_perferancelclickBtn -->
