<?xml version="1.0" encoding="UTF-8"?>
<!-- Generated by org.testng.reporters.JUnitReportReporter -->
<testsuite hostname="HBL-AMAR" failures="0" tests="1" name="Basics.GesturesDragAndDropGesture" time="35.218" errors="0" timestamp="2023-06-28T22:37:21 IST" skipped="0">
  <testcase classname="Basics.GesturesDragAndDropGesture" name="gestures" time="35.218"/>
  <system-out/>
</testsuite> <!-- Basics.GesturesDragAndDropGesture -->
