<?xml version="1.0" encoding="UTF-8"?>
<!-- Generated by org.testng.reporters.JUnitReportReporter -->
<testsuite hostname="HBL-AMAR" failures="0" tests="1" name="Basics.appPackageAndappActivity" time="30.141" errors="0" timestamp="2023-07-01T07:59:05 IST" skipped="0">
  <testcase classname="Basics.appPackageAndappActivity" name="appiumBasicTest" time="30.141"/>
  <system-out/>
</testsuite> <!-- Basics.appPackageAndappActivity -->
