<?xml version="1.0" encoding="UTF-8"?>
<!-- Generated by org.testng.reporters.JUnitReportReporter -->
<testsuite hostname="HBL-AMAR" failures="0" tests="1" name="Appium_java.Appium.AppiumTest" time="32.429" errors="0" timestamp="2023-06-24T12:31:12 IST" skipped="0">
  <testcase classname="Appium_java.Appium.AppiumTest" name="appiumBasicTest" time="32.429"/>
  <system-out/>
</testsuite> <!-- Appium_java.Appium.AppiumTest -->
