<?xml version="1.0" encoding="UTF-8"?>
<!-- Generated by org.testng.reporters.JUnitReportReporter -->
<testsuite hostname="HBL-AMAR" failures="0" tests="1" name="app.FunctionalityTestCases.VerifyAddProductToCart" time="12.462" errors="0" timestamp="2023-07-08T18:35:14 IST" skipped="0">
  <testcase classname="app.FunctionalityTestCases.VerifyAddProductToCart" name="verifyAddProductToCart" time="12.462"/>
  <system-out/>
</testsuite> <!-- app.FunctionalityTestCases.VerifyAddProductToCart -->
