<?xml version="1.0" encoding="UTF-8"?>
<!-- Generated by org.testng.reporters.JUnitReportReporter -->
<testsuite hostname="HBL-AMAR" failures="0" tests="1" name="GeneralHybridApp.appiumBasicTest" time="20.914" errors="0" timestamp="2023-07-01T08:27:27 IST" skipped="0">
  <testcase classname="GeneralHybridApp.appiumBasicTest" name="generalHybridAppTest" time="20.914"/>
  <system-out/>
</testsuite> <!-- GeneralHybridApp.appiumBasicTest -->
