<?xml version="1.0" encoding="UTF-8"?>
<!-- Generated by org.testng.reporters.JUnitReportReporter -->
<testsuite hostname="HBL-AMAR" failures="0" tests="1" name="app.FunctionalityTestCases.Verify_From_Filling_Of_APP" time="8.506" errors="0" timestamp="2023-07-25T12:12:42 IST" skipped="0">
  <testcase classname="app.FunctionalityTestCases.Verify_From_Filling_Of_APP" name="appFromFilling" time="8.506"/>
  <system-out/>
</testsuite> <!-- app.FunctionalityTestCases.Verify_From_Filling_Of_APP -->
