<?xml version="1.0" encoding="UTF-8"?>
<!-- Generated by org.testng.reporters.JUnitReportReporter -->
<testsuite hostname="HBL-AMAR" failures="0" tests="1" name="Basics.appiumServerStartWIthCode" time="52.551" errors="0" timestamp="2023-07-06T08:07:14 IST" skipped="0">
  <testcase classname="Basics.appiumServerStartWIthCode" name="appiumBasicTest" time="52.551"/>
  <system-out/>
</testsuite> <!-- Basics.appiumServerStartWIthCode -->
